<?xml version="1.0" encoding="UTF-8"?>
<!-- Generated by org.testng.reporters.JUnitReportReporter -->
<testsuite hostname="IBM-392NSV3" failures="0" tests="1" name="winnerxd.tests.VisualUITest" time="7.757" errors="0" timestamp="2025-06-28T13:18:05 IST" skipped="0">
  <testcase classname="winnerxd.tests.VisualUITest" name="testVisualElements" time="7.757"/>
</testsuite> <!-- winnerxd.tests.VisualUITest -->
