<?xml version="1.0" encoding="UTF-8"?>
<!-- Generated by org.testng.reporters.JUnitReportReporter -->
<testsuite hostname="IBM-392NSV3" failures="0" tests="1" name="winnerxd.tests.StandAlone" time="10.641" errors="0" timestamp="2025-06-16T12:04:34 IST" skipped="0">
  <testcase classname="winnerxd.tests.StandAlone" name="SubmitOrder" time="10.641"/>
</testsuite> <!-- winnerxd.tests.StandAlone -->
