<?xml version="1.0" encoding="UTF-8"?>
<!-- Generated by org.testng.reporters.JUnitReportReporter -->
<testsuite hostname="IBM-392NSV3" failures="0" tests="2" name="winnerxd.tests.ErrorValidation" time="13.983" errors="0" timestamp="2025-06-22T22:22:51 IST" skipped="0">
  <testcase classname="winnerxd.tests.ErrorValidation" name="loginErrorValidation" time="6.675"/>
  <testcase classname="winnerxd.tests.ErrorValidation" name="productErrorValidation" time="7.308"/>
</testsuite> <!-- winnerxd.tests.ErrorValidation -->
