<?xml version="1.0" encoding="UTF-8"?>
<!-- Generated by org.testng.reporters.JUnitReportReporter -->
<testsuite hostname="IBM-392NSV3" failures="0" tests="1" name="winnerxd.tests.LoginErrorValidation" time="8.629" errors="0" timestamp="2025-06-16T12:26:53 IST" skipped="0">
  <testcase classname="winnerxd.tests.LoginErrorValidation" name="loginErrorValidation" time="8.629"/>
</testsuite> <!-- winnerxd.tests.LoginErrorValidation -->
